
> proteinmaster@0.1.0 start
> react-scripts start

(node:85401) [DEP_WEBPACK_DEV_SERVER_ON_AFTER_SETUP_MIDDLEWARE] DeprecationWarning: 'onAfterSetupMiddleware' option is deprecated. Please use the 'setupMiddlewares' option.
(Use `node --trace-deprecation ...` to show where the warning was created)
(node:85401) [DEP_WEBPACK_DEV_SERVER_ON_BEFORE_SETUP_MIDDLEWARE] DeprecationWarning: 'onBeforeSetupMiddleware' option is deprecated. Please use the 'setupMiddlewares' option.
Starting the development server...

Compiled with warnings.

[eslint] 
src/ContactMatrixViewer.js
  Line 2:13:   'THREE' is defined but never used                                                                                                                                                                                                                              no-unused-vars
  Line 92:6:   React Hook useEffect has a missing dependency: 'renderCanvas'. Either include it or remove the dependency array                                                                                                                                                react-hooks/exhaustive-deps
  Line 172:6:  React Hook useEffect has a missing dependency: 'renderCanvas'. Either include it or remove the dependency array                                                                                                                                                react-hooks/exhaustive-deps
  Line 201:6:  React Hook useEffect has a missing dependency: 'proteinDataUpdateHandle'. Either include it or remove the dependency array. If 'proteinDataUpdateHandle' changes too often, find the parent component that defines it and wrap that definition in useCallback  react-hooks/exhaustive-deps
  Line 208:6:  React Hook useEffect has a missing dependency: 'renderCanvas'. Either include it or remove the dependency array                                                                                                                                                react-hooks/exhaustive-deps

src/MolstarViewer.js
  Line 9:34:   'MolScriptBuilder' is defined but never used                                                               no-unused-vars
  Line 107:6:  React Hook useEffect has a missing dependency: 'pdbUrl'. Either include it or remove the dependency array  react-hooks/exhaustive-deps

src/ResultsPage.js
  Line 4:8:    'MatrixViewer' is defined but never used        no-unused-vars
  Line 10:10:  'query' is assigned a value but never used      no-unused-vars
  Line 31:13:  'proteinId' is assigned a value but never used  no-unused-vars

Search for the keywords to learn more about each warning.
To ignore, add // eslint-disable-next-line to the line before.

LOG from ./node_modules/sass-loader/dist/cjs.js sass-loader ./node_modules/css-loader/dist/cjs.js??ruleSet[1].rules[1].oneOf[7].use[1]!./node_modules/postcss-loader/dist/cjs.js??ruleSet[1].rules[1].oneOf[7].use[2]!./node_modules/resolve-url-loader/index.js??ruleSet[1].rules[1].oneOf[7].use[3]!./node_modules/sass-loader/dist/cjs.js??ruleSet[1].rules[1].oneOf[7].use[4]!./node_modules/molstar/lib/mol-plugin-ui/skin/light.scss
<w> Deprecation The legacy JS API is deprecated and will be removed in Dart Sass 2.0.0.
<w> 
<w> More info: https://sass-lang.com/d/legacy-js-api
<w> 
<w> null
<w> Deprecation Sass @import rules are deprecated and will be removed in Dart Sass 3.0.0.
<w> 
<w> More info and automated migrator: https://sass-lang.com/d/import
<w> 
<w> node_modules/molstar/lib/mol-plugin-ui/skin/light.scss 1:9  root stylesheet
<w> 
<w> Deprecation Sass @import rules are deprecated and will be removed in Dart Sass 3.0.0.
<w> 
<w> More info and automated migrator: https://sass-lang.com/d/import
<w> 
<w> node_modules/molstar/lib/mol-plugin-ui/skin/light.scss 2:9  root stylesheet
<w> 
<w> Deprecation Sass @import rules are deprecated and will be removed in Dart Sass 3.0.0.
<w> 
<w> More info and automated migrator: https://sass-lang.com/d/import
<w> 
<w> node_modules/molstar/lib/mol-plugin-ui/skin/base/base.scss 20:13  @import
<w> node_modules/molstar/lib/mol-plugin-ui/skin/light.scss 2:9        root stylesheet
<w> 
<w> Deprecation Sass @import rules are deprecated and will be removed in Dart Sass 3.0.0.
<w> 
<w> More info and automated migrator: https://sass-lang.com/d/import
<w> 
<w> node_modules/molstar/lib/mol-plugin-ui/skin/base/base.scss 22:13  @import
<w> node_modules/molstar/lib/mol-plugin-ui/skin/light.scss 2:9        root stylesheet
<w> 
<w> Deprecation Sass @import rules are deprecated and will be removed in Dart Sass 3.0.0.
<w> 
<w> More info and automated migrator: https://sass-lang.com/d/import
<w> 
<w> node_modules/molstar/lib/mol-plugin-ui/skin/base/base.scss 24:13  @import
<w> node_modules/molstar/lib/mol-plugin-ui/skin/light.scss 2:9        root stylesheet
<w> 
<w> 22 repetitive deprecation warnings omitted.
<w> 
<w> null

WARNING in [eslint] 
src/ContactMatrixViewer.js
  Line 2:13:   'THREE' is defined but never used                                                                                                                                                                                                                              no-unused-vars
  Line 92:6:   React Hook useEffect has a missing dependency: 'renderCanvas'. Either include it or remove the dependency array                                                                                                                                                react-hooks/exhaustive-deps
  Line 172:6:  React Hook useEffect has a missing dependency: 'renderCanvas'. Either include it or remove the dependency array                                                                                                                                                react-hooks/exhaustive-deps
  Line 201:6:  React Hook useEffect has a missing dependency: 'proteinDataUpdateHandle'. Either include it or remove the dependency array. If 'proteinDataUpdateHandle' changes too often, find the parent component that defines it and wrap that definition in useCallback  react-hooks/exhaustive-deps
  Line 208:6:  React Hook useEffect has a missing dependency: 'renderCanvas'. Either include it or remove the dependency array                                                                                                                                                react-hooks/exhaustive-deps

src/MolstarViewer.js
  Line 9:34:   'MolScriptBuilder' is defined but never used                                                               no-unused-vars
  Line 107:6:  React Hook useEffect has a missing dependency: 'pdbUrl'. Either include it or remove the dependency array  react-hooks/exhaustive-deps

src/ResultsPage.js
  Line 4:8:    'MatrixViewer' is defined but never used        no-unused-vars
  Line 10:10:  'query' is assigned a value but never used      no-unused-vars
  Line 31:13:  'proteinId' is assigned a value but never used  no-unused-vars

webpack compiled with 1 warning
